15-Aug-24 05:01:00 : -----------------------------------------------------------------------------------------------------------------
15-Aug-24 05:01:00 :  Starting  - (livejazz.py) scraper
15-Aug-24 05:01:03 :  completed - Green Room Jazz 
15-Aug-24 05:01:03 :  completed - Ngánga
15-Aug-24 05:01:03 :  completed - Beviamo Jazz Night with Francesco Cigna & Romulo Duarte
15-Aug-24 05:01:03 :  completed - Nobert Susemihl's Joyful Gumbo
15-Aug-24 05:01:03 :  completed - Francesco Cigna & friends
15-Aug-24 05:01:03 :  completed - Scandi Snip Singers (Copenhagen Barbershop Chorus)
15-Aug-24 05:01:03 :  completed - Dwayne Clemons Quartet
15-Aug-24 05:01:03 :  completed - Mike Andersen Band
15-Aug-24 05:01:03 :  completed - Brunch & Jazz: Baryl
15-Aug-24 05:01:03 :  completed - Sisters of Jazz
15-Aug-24 05:01:03 :  completed - Sisters of Mercy
15-Aug-24 05:01:03 :  completed - Boesen City Group
15-Aug-24 05:01:03 :  completed - Cigna/Duarte Jazz Special
15-Aug-24 05:01:03 :  completed - TOFTEMARK,CHRISTENSEN,MØRCK & LINDBERG.
15-Aug-24 05:01:03 :  completed - Blast – v. 6.2
15-Aug-24 05:01:03 :  completed - Jazzbrunch med Martini Quintet
15-Aug-24 05:01:03 :  completed - Børnejazz: Moussa Diallo
15-Aug-24 05:01:03 :  completed - Karmen Rõivassepp, Mads Mathias. Jacob Fischer og Matthias Petri
15-Aug-24 05:01:03 :  completed - Sorte Får
15-Aug-24 05:01:03 :  completed - Bebop Bonfire
15-Aug-24 05:01:03 :  completed - Madame Nielsens ● Necromancy
15-Aug-24 05:01:03 :  completed - Jonas Due Quartet
15-Aug-24 05:01:03 :  completed - Big Feeling Trio Feat Carl Winther
15-Aug-24 05:01:03 :  completed - Chris Grey & The BlueSpand
15-Aug-24 05:01:03 :  completed - Beviamo Jazz Night with Francesco Cigna & Romulo Duarte
15-Aug-24 05:01:03 :  completed - Anders Malta Almost Big Band (Record Release)
15-Aug-24 05:01:03 :  completed - SHAKEN NOT STIRRED – Sinne Eeg and Patrick 
15-Aug-24 05:01:03 :  completed - Francesco Cigna & friends
15-Aug-24 05:01:03 :  completed - Søren Bebe Trio
15-Aug-24 05:01:03 :  completed - Dwayne Clemons Quintet
15-Aug-24 05:01:03 :  completed - Zambassa Trio/ Brazil
15-Aug-24 05:01:03 :  completed - Frederik Moth
15-Aug-24 05:01:03 :  completed - Cigna/Duarte Jazz Special
15-Aug-24 05:01:03 :  completed - Hess / Gregersen / Høyer
15-Aug-24 05:01:03 :  completed - SWING'IT dixieband (Norge)
15-Aug-24 05:01:03 :  completed - Hey Nana, I'm Halym
15-Aug-24 05:01:03 :  completed - Pizza & Jazz with Kristoffer and Jakob Vejslev
15-Aug-24 05:01:03 :  completed - Sorte Får
15-Aug-24 05:01:03 :  completed - PRiMi Studio #22 DOOM SCHOOL IIII Hosted by Mads Egetoft
15-Aug-24 05:01:03 :  completed - Lundgrens Onsdags Bossa Nova Classics -
15-Aug-24 05:01:03 :  completed - Tabloid
15-Aug-24 05:01:03 :  completed - Fosgerau, Holm & Gade
15-Aug-24 05:01:03 :  completed - Big Feeling Trio Feat Artur Tuznik 
15-Aug-24 05:01:03 :  completed - Dobbeltkoncert med Emil de Waal Fire Øjne og Tigeroak
15-Aug-24 05:01:03 :  completed - Beviamo Jazz Night with Francesco Cigna & Romulo Duarte
15-Aug-24 05:01:03 :  completed - Bobo Moreno Ole Koch Hansen og Bo Stief
15-Aug-24 05:01:03 :  completed - Kristin Korb Trio
15-Aug-24 05:01:03 :  completed - Cathrine Legart Trio
15-Aug-24 05:01:03 :  completed - Marie Carmen Koppel trio
15-Aug-24 05:01:03 :  completed - Mads Mathias Trio
15-Aug-24 05:01:03 :  completed - Mike Stern: Jazz/Take on Jimi Hendrix
15-Aug-24 05:01:03 :  completed - Alice Carreri og Jacob Fischer Duo
15-Aug-24 05:01:03 :  completed - Francesco Cigna & friends
15-Aug-24 05:01:03 :  completed - Mike Stern: Jazz/Take on Jimi Hendrix
15-Aug-24 05:01:03 :  completed - JAM med bla. Harbeck-Templeton-Hvid
15-Aug-24 05:01:03 :  completed - Lubos Soukup
15-Aug-24 05:01:03 :  completed - Mathias Heise & Jacob Fischer
15-Aug-24 05:01:03 :  completed - Malene Mortensen
15-Aug-24 05:01:03 :  completed - Veronica Mortensen Trio
15-Aug-24 05:01:03 :  completed - Alice Carreri Regin Fuhlendorff og Rune Fog Trio
15-Aug-24 05:01:03 :  completed - Cathrine Legardh Trio
15-Aug-24 05:01:03 :  completed - Jacob Fischer gypsy jazz trio
15-Aug-24 05:01:03 :  completed - MIKE STERN / NIELS LAN DOKY / STEVE RODBY / PAUL WERTICO
15-Aug-24 05:01:03 :  completed - Cigna/Duarte Jazz Special
15-Aug-24 05:01:03 :  completed -  Kira Martini  & Band.
15-Aug-24 05:01:03 :  completed - Norbert Susemihl & Hans Knudsen Duo
15-Aug-24 05:01:03 :  completed - Cornelia Nielsson Trio
15-Aug-24 05:01:03 :  completed - Karin Johansson / Tomás Gubbins ● Camatta/von Schlippenbach
15-Aug-24 05:01:03 :  completed - A Very Big Band feat. Anders Bergcrantz og Iris Bergkrantz
15-Aug-24 05:01:03 :  completed - Anders Malta Almost Big Band
15-Aug-24 05:01:03 :  completed - Nuri (tn/fr) + Banga Spirits (tn/dk)
15-Aug-24 05:01:03 :  completed - Bagland
15-Aug-24 05:01:03 :  completed - Beviamo Jazz Night with Francesco Cigna & Romulo Duarte + Special Guest!
15-Aug-24 05:01:03 :  completed - Francesco Cigna & friends
15-Aug-24 05:01:03 :  completed - Johan Kolsut
15-Aug-24 05:01:03 :  completed - Lasse García Flamenco Jazz Jam
15-Aug-24 05:01:03 :  completed - Rosa Salamon Plays and Sings
15-Aug-24 05:01:03 :  completed - Visa Versa 
15-Aug-24 05:01:03 :  completed - Emil de Waal Old News
15-Aug-24 05:01:03 :  completed - Hannes Buder (de) + Henrik Pultz Melbye (dk)
15-Aug-24 05:01:03 :  completed - Mandagskoncert - Pierre Bertrand "Colors" feat Anders Bergcrantz
15-Aug-24 05:01:03 :  completed - PRiMi Studio #23 Extemporize: !Vil du være med?! Hosted by Nana Pi
15-Aug-24 05:01:03 :  completed - Duo Soft Bossa - Ninna og Roger Rio
15-Aug-24 05:01:03 :  completed - Mikkel Jakobsen
15-Aug-24 05:01:03 :  completed - Swingeriet - Mad og jazz på Kareten
15-Aug-24 05:01:03 :  completed - DR Big Band & Nils Landgren
15-Aug-24 05:01:03 :  completed - Sunbörn
15-Aug-24 05:01:03 :  completed - Eik Skibdal & Det Magiske Teater
15-Aug-24 05:01:03 :  completed - Jazznæs - Alawari
15-Aug-24 05:01:03 :  completed - Beviamo Jazz Night with Francesco Cigna & Romulo Duarte
15-Aug-24 05:01:03 :  completed - Mohammad Syfkhan (sy/ie) + Mizgin (sy/dk)
15-Aug-24 05:01:03 :  completed - Francesco Cigna & friends
15-Aug-24 05:01:03 :  completed - Jazznæs - Nana Rashid
15-Aug-24 05:01:03 :  completed - Zambassa Trio/ Brazil
15-Aug-24 05:01:03 :  completed - Peter Protschka-Adrian Mears Quintet w/ Carl Winther Trio
15-Aug-24 05:01:03 :  completed - Jazznæs - Ellen Andersson
15-Aug-24 05:01:03 :  completed - Francesco Cigna Jazz Special
15-Aug-24 05:01:03 :  completed - BENJAMIN KOPPEL JAZZ GALLA - CELEBRATING THE SOUL OF MOTOWN
15-Aug-24 05:01:03 :  completed - Mo Hippa Section
15-Aug-24 05:01:03 :  completed - Thorsen/Roved/Hansen
15-Aug-24 05:01:03 :  completed - Jazznæs - Gustaf Ljunggren & Emil De Waal
15-Aug-24 05:01:03 :  completed - Døssing - Nordisk moderne jazz med lounge og dub
15-Aug-24 05:01:03 :  completed - Lars Bech Pilgaard 'Folklórica' (dk)
15-Aug-24 05:01:03 :  completed - Monday Night Big Band v. Niels Jørgen Steen f. Bobo Moreno
15-Aug-24 05:01:03 :  completed - John Butcher & Ståle Liavik Solberg ● Johanna Sulkunen
15-Aug-24 05:01:03 :  completed - Cornelia Nilsson trio
15-Aug-24 05:01:03 :  completed - Youmna Saba (lb/fr) + rosyán (dk/ir)
15-Aug-24 05:01:03 :  completed - David Miilmann Group Featuring Johannes Wamberg
15-Aug-24 05:01:03 :  completed - Simon Spang Hansen
15-Aug-24 05:01:03 :  completed - Art Roho
15-Aug-24 05:01:03 :  completed - Singers
15-Aug-24 05:01:03 :  completed - Beviamo Jazz Night with Francesco Cigna & Romulo Duarte
15-Aug-24 05:01:03 :  completed - Veronica Mortensen Quartet
15-Aug-24 05:01:03 :  completed - Francesco Cigna & friends
15-Aug-24 05:01:03 :  completed - Snorre Kirk European Quartet
15-Aug-24 05:01:03 :  completed - Bill Evans: Jazz/Take on Kurt Cobain & Nirvana
15-Aug-24 05:01:03 :  completed - The Ambassadors (SE)
15-Aug-24 05:01:03 :  completed - Daniel Franck
15-Aug-24 05:01:03 :  completed - Brunch & Jazz: Marie Mørck
15-Aug-24 05:01:03 :  completed - Rosa Salamon Plays and Sings
15-Aug-24 05:01:03 :  completed - Lise Barkas (fr)
15-Aug-24 05:01:03 :  completed - Deep Songs
15-Aug-24 05:01:03 :  completed - PRiMi Studio #24  Choir of Sound & Movement Hosted by Qarin Wikström
15-Aug-24 05:01:03 :  completed - Trombone Summit
15-Aug-24 05:01:03 :  completed - Lundgrens Bossa Nova Classics - Helge Ørsted Pedersen og Roger Rio
15-Aug-24 05:01:03 :  completed - Leenalchi (KR)
15-Aug-24 05:01:03 :  completed - Big Feeling Trio Feat 
15-Aug-24 05:01:03 :  completed - Deep Songs
15-Aug-24 05:01:03 :  completed - Iiro Rantala Hel Trio (Fin)
15-Aug-24 05:01:03 :  completed - Magic Sound Orquestra 
15-Aug-24 05:01:03 :  completed - Beviamo Jazz Night with Francesco Cigna & Romulo Duarte
15-Aug-24 05:01:03 :  completed - Toftemark Sekstet
15-Aug-24 05:01:03 :  completed - Francesco Cigna & friends
15-Aug-24 05:01:03 :  completed - HP, HP, HP & Mortensen
15-Aug-24 05:01:03 :  completed - Iiro Rantala HEL Trio
15-Aug-24 05:01:03 :  completed - Chris Tanners Rifftet (AU/DK)
15-Aug-24 05:01:03 :  completed - Egetoft / Anderskov / Gregersen / Forchhammer 
15-Aug-24 05:01:03 :  completed - Francesco Cigna Jazz Special
15-Aug-24 05:01:03 :  completed - Luna Band
15-Aug-24 05:01:03 :  completed - Perforto ● BASS TO BASS
15-Aug-24 05:01:03 :  completed - Jonathan Svensson
15-Aug-24 05:01:03 :  completed - Dominique & Jesper Hedegaard Sound of Brasil
15-Aug-24 05:01:03 :  completed - Anders Malta Almost Big Band
15-Aug-24 05:01:03 :  completed - Jazz6000’ Publikumspriskoncert
15-Aug-24 05:01:03 :  completed - Christian Søgaards Trio
15-Aug-24 05:01:03 :  completed - Grand Slam
15-Aug-24 05:01:03 :  completed - Luna Band
15-Aug-24 05:01:03 :  completed - Milton på svenska
15-Aug-24 05:01:03 :  completed - Benjamin Koppel Annas Sang - Symfonisk Bogkoncert med Sofie Gråbøl og Lyngby Taarbæk Symfoniorkester
15-Aug-24 05:01:03 :  completed - Odense Jazz Orchestra med kæmpe børnekor fra Kolding
15-Aug-24 05:01:03 :  completed - PRiMi Studio #25 Chambercollective Takeover
15-Aug-24 05:01:03 :  completed - Lundgrens Onsdags Bossa Nova Classics -
15-Aug-24 05:01:03 :  completed - Gunde Trio
15-Aug-24 05:01:03 :  completed - Jeff Tain Watts
15-Aug-24 05:01:03 :  completed - Jazz og mad med Swingeriet på Kareten
15-Aug-24 05:01:03 :  completed - DR Big Band 60 år XL - LX
15-Aug-24 05:01:03 :  completed - Carme López (ga)
15-Aug-24 05:01:03 :  completed - Steen Rasmussen ALLSTAR Quarteto feat. Leo Minax og Celso de Almeida 
15-Aug-24 05:01:03 :  completed - Francesco Cigna
15-Aug-24 05:01:03 :  completed - Ækle Jazzede Æventyr
15-Aug-24 05:01:03 :  completed - MEUF take over! 
15-Aug-24 05:01:03 :  completed - Big Feeling Trio Feat 
15-Aug-24 05:01:03 :  completed - Janko & Laura
15-Aug-24 05:01:03 :  completed - Petra Hermanova (cz) + Mats Erlandsson (se)
15-Aug-24 05:01:03 :  completed - Hearts and Minds
15-Aug-24 05:01:03 :  completed - Freedom Trio
15-Aug-24 05:01:03 :  completed - Brunch & Jazz: She Trio
15-Aug-24 05:01:03 :  completed - Kathrine Windfeld & guests
15-Aug-24 05:01:03 :  completed - Le Cri Du Caire (fr/eg)
15-Aug-24 05:01:03 :  completed - PriMi Studio #26 - Krautrock Jukebox Hosted by Ignacio Córdoba
15-Aug-24 05:01:03 :  completed - Lundgrens Onsdags Bossa Nova Classics - Roger Rio
15-Aug-24 05:01:03 :  completed - Martin Lutz Group
15-Aug-24 05:01:03 :  completed - Big Feeling Trio Feat 
15-Aug-24 05:01:03 :  completed - The Lawrence Clark Band
15-Aug-24 05:01:03 :  completed - Iris Bergcrantz Kvartet
15-Aug-24 05:01:03 :  completed - Bøhling Vogel Ratzer Roar
15-Aug-24 05:01:03 :  completed - DR Big Band 60 År - Jazz Galla
15-Aug-24 05:01:03 :  completed - Carsten Dahl – Golden Ratio  feat. Daniel Franck/Jakob Høyer  med efterfølgende artist talk
15-Aug-24 05:01:03 :  completed - Casper Christensen & Friends
15-Aug-24 05:01:03 :  completed - Red Hot Four + 2
15-Aug-24 05:01:03 :  completed - Acoustic Lounge	
15-Aug-24 05:01:03 :  completed - Yellowjackets (US)
15-Aug-24 05:01:03 :  completed - Andrea Ermke & Anais Tuerlinckx ● E/I
15-Aug-24 05:01:03 :  completed - Gunde/Waidtløw Quartet - Tribute to Oscar Peterson & Stan Getz
15-Aug-24 05:01:03 :  completed - Big Feeling Trio Feat Carl Winther
15-Aug-24 05:01:03 :  completed - El Khat (il/ye) 
15-Aug-24 05:01:03 :  completed - Chairman of the board
15-Aug-24 05:01:03 :  completed - Bévort 3
15-Aug-24 05:01:03 :  completed - Kenny Washington-soul og jazzsanger i særklasse
15-Aug-24 05:01:03 :  completed - PRiMi Studio #17 Drumzzzz vol. 2 Hosted by Ivar Asheim
15-Aug-24 05:01:03 :  completed - Lundgrens Onsdags Bossa Nova Classics - Roger Rio
15-Aug-24 05:01:03 :  completed - BRADA Quintet
15-Aug-24 05:01:03 :  completed - Niels Wilhelm Knudsen Quintet
15-Aug-24 05:01:03 :  completed - Anders Malta Almost Big Band
15-Aug-24 05:01:03 :  completed - Niels Lan Doky Solo: "The Radius Of Now"
15-Aug-24 05:01:03 :  completed - Haakon Berre
15-Aug-24 05:01:03 :  completed - Marilyn Mazur Shamania
15-Aug-24 05:01:03 :  completed - Kathrine Windfeld & guests
15-Aug-24 05:01:03 :  completed - Jesses New Orleans Band (S)
15-Aug-24 05:01:03 :  completed - Miriam Mandipira & The Soul Family
15-Aug-24 05:01:03 :  completed - Nanna Rashid - Årets Nye Jazznavn 2023
15-Aug-24 05:01:03 :  completed - Estuary (PJ Fossum/Judette Elliston/Sergio Tabanico) ● Osgood / Emmeluth
15-Aug-24 05:01:03 :  completed - Tropico del Cancer (ec/dk)
15-Aug-24 05:01:03 :  completed - Rahel Talts
15-Aug-24 05:01:03 :  completed - Charlies Blåhval
15-Aug-24 05:01:03 :  completed - Victor Jones
15-Aug-24 05:01:03 :  completed - Brunch & Jazz: Rahel Talts Quartet
15-Aug-24 05:01:03 :  completed - Anders Koppel & Henrik Dam Thomsen - Intenst sammenspil og landskaber af skønhed
15-Aug-24 05:01:03 :  completed - Luna Band
15-Aug-24 05:01:03 :  completed - Sinne Eeg & Jacob Christoffersen 
15-Aug-24 05:01:03 :  completed - Studio #28 A Fly Falls Into the Speaker Hosted by Gintė Presaitė
15-Aug-24 05:01:03 :  completed - Lundgrens Onsdags Bossa Nova Classics - Roger Rio and Guest
15-Aug-24 05:01:03 :  completed - Rasmus Sørensen Trio
15-Aug-24 05:01:03 :  completed - Big Feeling Trio Feat 
15-Aug-24 05:01:03 :  completed - Stundom
15-Aug-24 05:01:03 :  completed - Nuaia (DK/SE)
15-Aug-24 05:01:03 :  completed - Nana Rashid Kvartet ❤️❤️❤️❤️❤️
15-Aug-24 05:01:03 :  completed - Tuxen Lockjaw.
15-Aug-24 05:01:03 :  completed - Johanna Borchert / Jonathan Aardestrup ● Küchen-Landæus electric-duo
15-Aug-24 05:01:03 :  completed - Big Feeling Trio Feat 
15-Aug-24 05:01:03 :  completed - DR Big Band præsenterer Helge Sunde
15-Aug-24 05:01:03 :  completed - Jesper Løvdal
15-Aug-24 05:01:03 :  completed - PRiMi Studio #29 Object Orchestra by Sarah Buchner + Nick Dunston
15-Aug-24 05:01:03 :  completed - Emil De Waal Old News
15-Aug-24 05:01:03 :  completed - Sisters of Jazz
15-Aug-24 05:01:03 :  completed - Anders Malta Almost Big Band
15-Aug-24 05:01:03 :  completed - Claire De Lune - En musikalsk rejse
15-Aug-24 05:01:03 :  completed - Manu Katché: Jazz/Take on Amy Winehouse
15-Aug-24 05:01:03 :  completed - DR BIG BANDS NORDISKE JUL
15-Aug-24 05:01:03 :  completed - TBA
15-Aug-24 05:01:03 :  completed - Nordic Currents - Afterparty og julejam 
15-Aug-24 05:01:03 :  completed - Svingeriet v/Inge Andersen
15-Aug-24 05:01:03 :  completed - Mårten Lundgren Quartet featuring Mimi Terris
15-Aug-24 05:01:03 :  completed - Julekoncert Spacelab + 1
15-Aug-24 05:01:03 :  completed - Hye Young ● Sin Hungry Ghosts
15-Aug-24 05:01:03 :  completed - Big Feeling Trio Feat 
15-Aug-24 05:01:03 :  completed - TBA
15-Aug-24 05:01:03 :  completed - Luna Band
15-Aug-24 05:01:03 :  completed - Swingende jul med Dynamic feat.Jens Søndergaard
15-Aug-24 05:01:03 :  completed - PRiMi Studio - Christmas Party!
15-Aug-24 05:01:03 :  completed - Big Feeling Trio Feat 
15-Aug-24 05:01:03 :  completed - Jazz Five XMAS SHOW 2024
15-Aug-24 05:01:03 :  completed - TBA
15-Aug-24 05:01:03 :  completed - A Tribute to Horace Parlan - Bülow/Bülow/Romme/Petri/Rifbjerg
15-Aug-24 05:01:03 :  completed - NOLA LOVE New Year's Concert 
15-Aug-24 05:01:03 :  completed - TBA
15-Aug-24 05:01:03 :  completed - DR Big Bands Nytårskoncert
15-Aug-24 05:01:03 :  completed - DR Big Bands Nytårskoncert
15-Aug-24 05:01:03 :  completed - Mathias Heise og Quadrillion
15-Aug-24 05:01:03 :  completed - total: 249
